# JRE version: Java(TM) SE Runtime Environment (8.0_74-b02) (build 1.8.0_74-b02)
# Java VM: Java HotSpot(TM) 64-Bit Server VM (25.74-b02 mixed mode windows-amd64 compressed oops)
Heap:
 PSYoungGen      total 451072K, used 126384K [0x00000000d6100000, 0x00000000f3200000, 0x0000000100000000)
  eden space 434688K, 25% used [0x00000000d6100000,0x00000000dcce2e88,0x00000000f0980000)
  from space 16384K, 97% used [0x00000000f2200000,0x00000000f3189438,0x00000000f3200000)
  to   space 20480K, 0% used [0x00000000f0a00000,0x00000000f0a00000,0x00000000f1e00000)
 ParOldGen       total 107520K, used 39813K [0x0000000082200000, 0x0000000088b00000, 0x00000000d6100000)
  object space 107520K, 37% used [0x0000000082200000,0x00000000848e1668,0x0000000088b00000)
 Metaspace       used 60156K, capacity 61434K, committed 61784K, reserved 1103872K
  class space    used 7658K, capacity 7919K, committed 8024K, reserved 1048576K
GC Heap History (10 events):
Event: 558.416 GC heap before
{Heap before GC invocations=22 (full 5):
 PSYoungGen      total 394752K, used 13850K [0x00000000d6100000, 0x00000000ef600000, 0x0000000100000000)
  eden space 375808K, 0% used [0x00000000d6100000,0x00000000d6100000,0x00000000ed000000)
  from space 18944K, 73% used [0x00000000ed000000,0x00000000edd86980,0x00000000ee280000)
  to   space 19456K, 0% used [0x00000000ee300000,0x00000000ee300000,0x00000000ef600000)
 ParOldGen       total 107520K, used 38744K [0x0000000082200000, 0x0000000088b00000, 0x00000000d6100000)
  object space 107520K, 36% used [0x0000000082200000,0x00000000847d6348,0x0000000088b00000)
 Metaspace       used 58255K, capacity 59266K, committed 59480K, reserved 1101824K
  class space    used 7502K, capacity 7732K, committed 7768K, reserved 1048576K
Event: 558.752 GC heap after
Heap after GC invocations=22 (full 5):
 PSYoungGen      total 394752K, used 0K [0x00000000d6100000, 0x00000000ef600000, 0x0000000100000000)
  eden space 375808K, 0% used [0x00000000d6100000,0x00000000d6100000,0x00000000ed000000)
  from space 18944K, 0% used [0x00000000ed000000,0x00000000ed000000,0x00000000ee280000)
  to   space 19456K, 0% used [0x00000000ee300000,0x00000000ee300000,0x00000000ef600000)
 ParOldGen       total 107520K, used 42248K [0x0000000082200000, 0x0000000088b00000, 0x00000000d6100000)
  object space 107520K, 39% used [0x0000000082200000,0x0000000084b42270,0x0000000088b00000)
 Metaspace       used 58245K, capacity 59248K, committed 59480K, reserved 1101824K
  class space    used 7500K, capacity 7728K, committed 7768K, reserved 1048576K
}
Event: 562.129 GC heap before
{Heap before GC invocations=23 (full 5):
 PSYoungGen      total 394752K, used 375808K [0x00000000d6100000, 0x00000000ef600000, 0x0000000100000000)
  eden space 375808K, 100% used [0x00000000d6100000,0x00000000ed000000,0x00000000ed000000)
  from space 18944K, 0% used [0x00000000ed000000,0x00000000ed000000,0x00000000ee280000)
  to   space 19456K, 0% used [0x00000000ee300000,0x00000000ee300000,0x00000000ef600000)
 ParOldGen       total 107520K, used 42248K [0x0000000082200000, 0x0000000088b00000, 0x00000000d6100000)
  object space 107520K, 39% used [0x0000000082200000,0x0000000084b42270,0x0000000088b00000)
 Metaspace       used 59055K, capacity 60274K, committed 60376K, reserved 1101824K
  class space    used 7576K, capacity 7839K, committed 7896K, reserved 1048576K
Event: 562.144 GC heap after
Heap after GC invocations=23 (full 5):
 PSYoungGen      total 394240K, used 16021K [0x00000000d6100000, 0x00000000f3680000, 0x0000000100000000)
  eden space 374784K, 0% used [0x00000000d6100000,0x00000000d6100000,0x00000000ecf00000)
  from space 19456K, 82% used [0x00000000ee300000,0x00000000ef2a5428,0x00000000ef600000)
  to   space 20480K, 0% used [0x00000000ecf00000,0x00000000ecf00000,0x00000000ee300000)
 ParOldGen       total 107520K, used 42256K [0x0000000082200000, 0x0000000088b00000, 0x00000000d6100000)
  object space 107520K, 39% used [0x0000000082200000,0x0000000084b44270,0x0000000088b00000)
 Metaspace       used 59055K, capacity 60274K, committed 60376K, reserved 1101824K
  class space    used 7576K, capacity 7839K, committed 7896K, reserved 1048576K
}
Event: 828.315 GC heap before
{Heap before GC invocations=24 (full 5):
 PSYoungGen      total 394240K, used 224949K [0x00000000d6100000, 0x00000000f3680000, 0x0000000100000000)
  eden space 374784K, 55% used [0x00000000d6100000,0x00000000e2d08160,0x00000000ecf00000)
  from space 19456K, 82% used [0x00000000ee300000,0x00000000ef2a5428,0x00000000ef600000)
  to   space 20480K, 0% used [0x00000000ecf00000,0x00000000ecf00000,0x00000000ee300000)
 ParOldGen       total 107520K, used 42256K [0x0000000082200000, 0x0000000088b00000, 0x00000000d6100000)
  object space 107520K, 39% used [0x0000000082200000,0x0000000084b44270,0x0000000088b00000)
 Metaspace       used 59209K, capacity 60444K, committed 60632K, reserved 1101824K
  class space    used 7591K, capacity 7847K, committed 7896K, reserved 1048576K
Event: 828.330 GC heap after
Heap after GC invocations=24 (full 5):
 PSYoungGen      total 395264K, used 9318K [0x00000000d6100000, 0x00000000f3580000, 0x0000000100000000)
  eden space 374784K, 0% used [0x00000000d6100000,0x00000000d6100000,0x00000000ecf00000)
  from space 20480K, 45% used [0x00000000ecf00000,0x00000000ed819bc0,0x00000000ee300000)
  to   space 19968K, 0% used [0x00000000f2200000,0x00000000f2200000,0x00000000f3580000)
 ParOldGen       total 107520K, used 42264K [0x0000000082200000, 0x0000000088b00000, 0x00000000d6100000)
  object space 107520K, 39% used [0x0000000082200000,0x0000000084b46270,0x0000000088b00000)
 Metaspace       used 59209K, capacity 60444K, committed 60632K, reserved 1101824K
  class space    used 7591K, capacity 7847K, committed 7896K, reserved 1048576K
}
Event: 828.330 GC heap before
{Heap before GC invocations=25 (full 6):
 PSYoungGen      total 395264K, used 9318K [0x00000000d6100000, 0x00000000f3580000, 0x0000000100000000)
  eden space 374784K, 0% used [0x00000000d6100000,0x00000000d6100000,0x00000000ecf00000)
  from space 20480K, 45% used [0x00000000ecf00000,0x00000000ed819bc0,0x00000000ee300000)
  to   space 19968K, 0% used [0x00000000f2200000,0x00000000f2200000,0x00000000f3580000)
 ParOldGen       total 107520K, used 42264K [0x0000000082200000, 0x0000000088b00000, 0x00000000d6100000)
  object space 107520K, 39% used [0x0000000082200000,0x0000000084b46270,0x0000000088b00000)
 Metaspace       used 59209K, capacity 60444K, committed 60632K, reserved 1101824K
  class space    used 7591K, capacity 7847K, committed 7896K, reserved 1048576K
Event: 828.582 GC heap after
Heap after GC invocations=25 (full 6):
 PSYoungGen      total 395264K, used 0K [0x00000000d6100000, 0x00000000f3580000, 0x0000000100000000)
  eden space 374784K, 0% used [0x00000000d6100000,0x00000000d6100000,0x00000000ecf00000)
  from space 20480K, 0% used [0x00000000ecf00000,0x00000000ecf00000,0x00000000ee300000)
  to   space 19968K, 0% used [0x00000000f2200000,0x00000000f2200000,0x00000000f3580000)
 ParOldGen       total 107520K, used 39805K [0x0000000082200000, 0x0000000088b00000, 0x00000000d6100000)
  object space 107520K, 37% used [0x0000000082200000,0x00000000848df668,0x0000000088b00000)
 Metaspace       used 59199K, capacity 60426K, committed 60632K, reserved 1101824K
  class space    used 7589K, capacity 7843K, committed 7896K, reserved 1048576K
}
Event: 832.176 GC heap before
{Heap before GC invocations=26 (full 6):
 PSYoungGen      total 395264K, used 374784K [0x00000000d6100000, 0x00000000f3580000, 0x0000000100000000)
  eden space 374784K, 100% used [0x00000000d6100000,0x00000000ecf00000,0x00000000ecf00000)
  from space 20480K, 0% used [0x00000000ecf00000,0x00000000ecf00000,0x00000000ee300000)
  to   space 19968K, 0% used [0x00000000f2200000,0x00000000f2200000,0x00000000f3580000)
 ParOldGen       total 107520K, used 39805K [0x0000000082200000, 0x0000000088b00000, 0x00000000d6100000)
  object space 107520K, 37% used [0x0000000082200000,0x00000000848df668,0x0000000088b00000)
 Metaspace       used 60044K, capacity 61370K, committed 61528K, reserved 1103872K
  class space    used 7647K, capacity 7919K, committed 8024K, reserved 1048576K
Event: 832.192 GC heap after
Heap after GC invocations=26 (full 6):
 PSYoungGen      total 451072K, used 15909K [0x00000000d6100000, 0x00000000f3200000, 0x0000000100000000)
  eden space 434688K, 0% used [0x00000000d6100000,0x00000000d6100000,0x00000000f0980000)
  from space 16384K, 97% used [0x00000000f2200000,0x00000000f3189438,0x00000000f3200000)
  to   space 20480K, 0% used [0x00000000f0a00000,0x00000000f0a00000,0x00000000f1e00000)
 ParOldGen       total 107520K, used 39813K [0x0000000082200000, 0x0000000088b00000, 0x00000000d6100000)
  object space 107520K, 37% used [0x0000000082200000,0x00000000848e1668,0x0000000088b00000)
 Metaspace       used 60044K, capacity 61370K, committed 61528K, reserved 1103872K
  class space    used 7647K, capacity 7919K, committed 8024K, reserved 1048576K
}

